Using pre-set license
Built from '2020.2/staging' branch; Version is '2020.2.7f1 (c53830e277f1) revision 12924976'; Using compiler version '192528614'; Build Type 'Release'
OS: 'Windows 10 Education; OS build 18363.1440; Version 1909; 64bit' Language: 'ko' Physical Memory: 8109 MB
BatchMode: 1, IsHumanControllingUs: 0, StartBugReporterOnCrash: 0, Is64bit: 1, IsPro: 0

 COMMAND LINE ARGUMENTS:
C:\Program Files\Unity\Hub\Editor\2020.2.7f1\Editor\Unity.exe
-adb2
-batchMode
-noUpm
-name
AssetImportWorker1
-projectPath
D:/CHCD/CHCD/CHCD
-logFile
Logs/AssetImportWorker1.log
-srvPort
57392
Successfully changed project path to: D:/CHCD/CHCD/CHCD
D:/CHCD/CHCD/CHCD
Using Asset Import Pipeline V2.
Refreshing native plugins compatible for Editor in 136.68 ms, found 1 plugins.
Preloading 0 native plugins for Editor in 0.00 ms.
Initialize engine version: 2020.2.7f1 (c53830e277f1)
[Subsystems] Discovering subsystems at path C:/Program Files/Unity/Hub/Editor/2020.2.7f1/Editor/Data/Resources/UnitySubsystems
[Subsystems] Discovering subsystems at path D:/CHCD/CHCD/CHCD/Assets
GfxDevice: creating device client; threaded=0
Direct3D:
    Version:  Direct3D 11.0 [level 11.1]
    Renderer: NVIDIA GeForce GTX 1050 Ti (ID=0x1c8c)
    Vendor:   
    VRAM:     4061 MB
    Driver:   21.21.13.7319
Initialize mono
Mono path[0] = 'C:/Program Files/Unity/Hub/Editor/2020.2.7f1/Editor/Data/Managed'
Mono path[1] = 'C:/Program Files/Unity/Hub/Editor/2020.2.7f1/Editor/Data/MonoBleedingEdge/lib/mono/unityjit'
Mono config path = 'C:/Program Files/Unity/Hub/Editor/2020.2.7f1/Editor/Data/MonoBleedingEdge/etc'
Using monoOptions --debugger-agent=transport=dt_socket,embedding=1,server=y,suspend=n,address=127.0.0.1:56608
Begin MonoManager ReloadAssembly
Registering precompiled unity dll's ...
Register platform support module: C:/Program Files/Unity/Hub/Editor/2020.2.7f1/Editor/Data/PlaybackEngines/WindowsStandaloneSupport/UnityEditor.WindowsStandalone.Extensions.dll
Registered in 0.011620 seconds.
Native extension for WindowsStandalone target not found
Refreshing native plugins compatible for Editor in 118.46 ms, found 1 plugins.
Preloading 0 native plugins for Editor in 0.00 ms.
Invoked RoslynAnalysisRunner static constructor.
RoslynAnalysisRunner will not be running.
RoslynAnalysisRunner has terminated.
Mono: successfully reloaded assembly
- Completed reload, in  3.946 seconds
Platform modules already initialized, skipping
Registering precompiled user dll's ...
Registered in 0.001919 seconds.
Begin MonoManager ReloadAssembly
Native extension for WindowsStandalone target not found
Refreshing native plugins compatible for Editor in 125.04 ms, found 1 plugins.
Preloading 0 native plugins for Editor in 0.00 ms.
Invoked RoslynAnalysisRunner static constructor.
RoslynAnalysisRunner will not be running.
RoslynAnalysisRunner has terminated.
Mono: successfully reloaded assembly
- Completed reload, in  3.003 seconds
Platform modules already initialized, skipping
========================================================================
Worker process is ready to serve import requests
Launched and connected shader compiler UnityShaderCompiler.exe after 0.16 seconds
Refreshing native plugins compatible for Editor in 0.68 ms, found 1 plugins.
Preloading 0 native plugins for Editor in 0.00 ms.
Unloading 1810 Unused Serialized files (Serialized files now loaded: 0)
System memory in use before: 84.7 MB.
System memory in use after: 84.7 MB.

Unloading 24 unused Assets to reduce memory usage. Loaded Objects now: 2253.
Total: 7.112100 ms (FindLiveObjects: 0.852500 ms CreateObjectMapping: 1.249300 ms MarkObjects: 4.721100 ms  DeleteObjects: 0.285000 ms)

========================================================================
Received Import Request.
  path: Assets/Pixel Adventure 1/KakaoTalk_20210423_095438728.png
  artifactKey: Guid(c776a8b8f4368af45a708f1182f2d7de) Importer(815301076,1909f56bfc062723c751e8b465ee728b)
Start importing Assets/Pixel Adventure 1/KakaoTalk_20210423_095438728.png using Guid(c776a8b8f4368af45a708f1182f2d7de) Importer(815301076,1909f56bfc062723c751e8b465ee728b)  -> (artifact id: 'd8edc9905e4c3c5609d2b2a42c3ba142') in 0.333213 seconds
  Import took 0.392844 seconds .

========================================================================
Received Prepare
Registering precompiled user dll's ...
Registered in 0.004074 seconds.
Begin MonoManager ReloadAssembly
Native extension for WindowsStandalone target not found
Refreshing native plugins compatible for Editor in 0.71 ms, found 1 plugins.
Preloading 0 native plugins for Editor in 0.00 ms.
Invoked RoslynAnalysisRunner static constructor.
RoslynAnalysisRunner will not be running.
RoslynAnalysisRunner has terminated.
Mono: successfully reloaded assembly
- Completed reload, in  2.667 seconds
Platform modules already initialized, skipping
Refreshing native plugins compatible for Editor in 0.74 ms, found 1 plugins.
Preloading 0 native plugins for Editor in 0.00 ms.
Unloading 1805 Unused Serialized files (Serialized files now loaded: 0)
System memory in use before: 87.8 MB.
System memory in use after: 87.8 MB.

Unloading 12 unused Assets to reduce memory usage. Loaded Objects now: 2263.
Total: 5.259200 ms (FindLiveObjects: 0.369900 ms CreateObjectMapping: 0.178500 ms MarkObjects: 4.471900 ms  DeleteObjects: 0.234400 ms)

========================================================================
Received Prepare
Registering precompiled user dll's ...
Registered in 0.002737 seconds.
Begin MonoManager ReloadAssembly
Native extension for WindowsStandalone target not found
Refreshing native plugins compatible for Editor in 0.99 ms, found 1 plugins.
Preloading 0 native plugins for Editor in 0.00 ms.
Invoked RoslynAnalysisRunner static constructor.
RoslynAnalysisRunner will not be running.
RoslynAnalysisRunner has terminated.
Mono: successfully reloaded assembly
- Completed reload, in  2.644 seconds
Platform modules already initialized, skipping
Refreshing native plugins compatible for Editor in 0.86 ms, found 1 plugins.
Preloading 0 native plugins for Editor in 0.00 ms.
Unloading 1805 Unused Serialized files (Serialized files now loaded: 0)
System memory in use before: 87.8 MB.
System memory in use after: 87.8 MB.

Unloading 12 unused Assets to reduce memory usage. Loaded Objects now: 2267.
Total: 6.168100 ms (FindLiveObjects: 0.364500 ms CreateObjectMapping: 0.154700 ms MarkObjects: 5.423400 ms  DeleteObjects: 0.222900 ms)

========================================================================
Received Prepare
Registering precompiled user dll's ...
Registered in 0.002389 seconds.
Begin MonoManager ReloadAssembly
Native extension for WindowsStandalone target not found
Refreshing native plugins compatible for Editor in 2.06 ms, found 1 plugins.
Preloading 0 native plugins for Editor in 0.00 ms.
Invoked RoslynAnalysisRunner static constructor.
RoslynAnalysisRunner will not be running.
RoslynAnalysisRunner has terminated.
Mono: successfully reloaded assembly
- Completed reload, in  2.866 seconds
Platform modules already initialized, skipping
Refreshing native plugins compatible for Editor in 1.22 ms, found 1 plugins.
Preloading 0 native plugins for Editor in 0.00 ms.
Unloading 1805 Unused Serialized files (Serialized files now loaded: 0)
System memory in use before: 87.8 MB.
System memory in use after: 87.8 MB.

Unloading 12 unused Assets to reduce memory usage. Loaded Objects now: 2271.
Total: 6.634400 ms (FindLiveObjects: 0.482800 ms CreateObjectMapping: 0.159400 ms MarkObjects: 5.635700 ms  DeleteObjects: 0.352100 ms)

========================================================================
Received Prepare
Registering precompiled user dll's ...
Registered in 0.001865 seconds.
Begin MonoManager ReloadAssembly
Native extension for WindowsStandalone target not found
Refreshing native plugins compatible for Editor in 0.70 ms, found 1 plugins.
Preloading 0 native plugins for Editor in 0.00 ms.
Invoked RoslynAnalysisRunner static constructor.
RoslynAnalysisRunner will not be running.
RoslynAnalysisRunner has terminated.
Mono: successfully reloaded assembly
- Completed reload, in  2.745 seconds
Platform modules already initialized, skipping
Refreshing native plugins compatible for Editor in 0.75 ms, found 1 plugins.
Preloading 0 native plugins for Editor in 0.00 ms.
Unloading 1805 Unused Serialized files (Serialized files now loaded: 0)
System memory in use before: 87.8 MB.
System memory in use after: 87.8 MB.

Unloading 12 unused Assets to reduce memory usage. Loaded Objects now: 2275.
Total: 8.361300 ms (FindLiveObjects: 0.988100 ms CreateObjectMapping: 0.443800 ms MarkObjects: 6.694100 ms  DeleteObjects: 0.231000 ms)

========================================================================
Received Prepare
Registering precompiled user dll's ...
Registered in 0.140061 seconds.
Begin MonoManager ReloadAssembly
Native extension for WindowsStandalone target not found
Refreshing native plugins compatible for Editor in 1.18 ms, found 1 plugins.
Preloading 0 native plugins for Editor in 0.00 ms.
Invoked RoslynAnalysisRunner static constructor.
RoslynAnalysisRunner will not be running.
RoslynAnalysisRunner has terminated.
Mono: successfully reloaded assembly
- Completed reload, in  2.500 seconds
Platform modules already initialized, skipping
Refreshing native plugins compatible for Editor in 0.76 ms, found 1 plugins.
Preloading 0 native plugins for Editor in 0.00 ms.
Unloading 1805 Unused Serialized files (Serialized files now loaded: 0)
System memory in use before: 87.9 MB.
System memory in use after: 87.8 MB.

Unloading 12 unused Assets to reduce memory usage. Loaded Objects now: 2279.
Total: 9.311700 ms (FindLiveObjects: 0.643700 ms CreateObjectMapping: 0.555300 ms MarkObjects: 7.837000 ms  DeleteObjects: 0.264800 ms)

========================================================================
Received Prepare
Registering precompiled user dll's ...
Registered in 0.002835 seconds.
Begin MonoManager ReloadAssembly
Native extension for WindowsStandalone target not found
Refreshing native plugins compatible for Editor in 0.70 ms, found 1 plugins.
Preloading 0 native plugins for Editor in 0.00 ms.
Invoked RoslynAnalysisRunner static constructor.
RoslynAnalysisRunner will not be running.
RoslynAnalysisRunner has terminated.
Mono: successfully reloaded assembly
- Completed reload, in  2.748 seconds
Platform modules already initialized, skipping
Refreshing native plugins compatible for Editor in 1.64 ms, found 1 plugins.
Preloading 0 native plugins for Editor in 0.00 ms.
Unloading 1805 Unused Serialized files (Serialized files now loaded: 0)
System memory in use before: 87.9 MB.
System memory in use after: 87.9 MB.

Unloading 12 unused Assets to reduce memory usage. Loaded Objects now: 2283.
Total: 6.673800 ms (FindLiveObjects: 0.461700 ms CreateObjectMapping: 0.152900 ms MarkObjects: 5.428600 ms  DeleteObjects: 0.626800 ms)

========================================================================
Received Prepare
Registering precompiled user dll's ...
Registered in 0.001894 seconds.
Begin MonoManager ReloadAssembly
Native extension for WindowsStandalone target not found
Refreshing native plugins compatible for Editor in 0.83 ms, found 1 plugins.
Preloading 0 native plugins for Editor in 0.00 ms.
Invoked RoslynAnalysisRunner static constructor.
RoslynAnalysisRunner will not be running.
RoslynAnalysisRunner has terminated.
Mono: successfully reloaded assembly
- Completed reload, in  2.411 seconds
Platform modules already initialized, skipping
Refreshing native plugins compatible for Editor in 0.72 ms, found 1 plugins.
Preloading 0 native plugins for Editor in 0.00 ms.
Unloading 1805 Unused Serialized files (Serialized files now loaded: 0)
System memory in use before: 87.9 MB.
System memory in use after: 87.9 MB.

Unloading 12 unused Assets to reduce memory usage. Loaded Objects now: 2287.
Total: 5.538400 ms (FindLiveObjects: 0.433700 ms CreateObjectMapping: 0.181500 ms MarkObjects: 4.524700 ms  DeleteObjects: 0.395400 ms)

========================================================================
Received Import Request.
  Time since last request: 754.298206 seconds.
  path: Assets/Tower.cs
  artifactKey: Guid(305cd4899eaf81940ae5113b1226ae6a) Importer(815301076,1909f56bfc062723c751e8b465ee728b)
Start importing Assets/Tower.cs using Guid(305cd4899eaf81940ae5113b1226ae6a) Importer(815301076,1909f56bfc062723c751e8b465ee728b)  -> (artifact id: '10e511ed9120c4dbd163df0c0ed9c510') in 0.139969 seconds
  Import took 0.162742 seconds .

========================================================================
Received Prepare
Registering precompiled user dll's ...
Registered in 0.001740 seconds.
Begin MonoManager ReloadAssembly
Native extension for WindowsStandalone target not found
Refreshing native plugins compatible for Editor in 1.18 ms, found 1 plugins.
Preloading 0 native plugins for Editor in 0.00 ms.
Invoked RoslynAnalysisRunner static constructor.
RoslynAnalysisRunner will not be running.
RoslynAnalysisRunner has terminated.
Mono: successfully reloaded assembly
- Completed reload, in  2.834 seconds
Platform modules already initialized, skipping
Refreshing native plugins compatible for Editor in 0.69 ms, found 1 plugins.
Preloading 0 native plugins for Editor in 0.00 ms.
Unloading 1806 Unused Serialized files (Serialized files now loaded: 0)
System memory in use before: 87.9 MB.
System memory in use after: 87.9 MB.

Unloading 12 unused Assets to reduce memory usage. Loaded Objects now: 2292.
Total: 4.240400 ms (FindLiveObjects: 0.351100 ms CreateObjectMapping: 0.177500 ms MarkObjects: 3.479500 ms  DeleteObjects: 0.229800 ms)

========================================================================
Received Prepare
Registering precompiled user dll's ...
Registered in 0.001891 seconds.
Begin MonoManager ReloadAssembly
Native extension for WindowsStandalone target not found
Refreshing native plugins compatible for Editor in 0.98 ms, found 1 plugins.
Preloading 0 native plugins for Editor in 0.00 ms.
Invoked RoslynAnalysisRunner static constructor.
RoslynAnalysisRunner will not be running.
RoslynAnalysisRunner has terminated.
Mono: successfully reloaded assembly
- Completed reload, in  2.422 seconds
Platform modules already initialized, skipping
Refreshing native plugins compatible for Editor in 0.78 ms, found 1 plugins.
Preloading 0 native plugins for Editor in 0.00 ms.
Unloading 1806 Unused Serialized files (Serialized files now loaded: 0)
System memory in use before: 87.9 MB.
System memory in use after: 87.9 MB.

Unloading 12 unused Assets to reduce memory usage. Loaded Objects now: 2296.
Total: 5.337200 ms (FindLiveObjects: 0.337900 ms CreateObjectMapping: 0.187600 ms MarkObjects: 4.589500 ms  DeleteObjects: 0.219200 ms)

========================================================================
Received Import Request.
  Time since last request: 1163.173545 seconds.
  path: Assets/grass.asset
  artifactKey: Guid(fcdf890d3566eb7489b580045bb529a4) Importer(815301076,1909f56bfc062723c751e8b465ee728b)
Start importing Assets/grass.asset using Guid(fcdf890d3566eb7489b580045bb529a4) Importer(815301076,1909f56bfc062723c751e8b465ee728b)  -> (artifact id: 'd0992f0f7ea562b48cf2bbcb3c50f22d') in 0.462718 seconds
  Import took 0.486669 seconds .

========================================================================
Received Import Request.
  Time since last request: 0.110119 seconds.
  path: Assets/dsadasd.asset
  artifactKey: Guid(623b37219830d9f4aa7341ff29f472a8) Importer(815301076,1909f56bfc062723c751e8b465ee728b)
Start importing Assets/dsadasd.asset using Guid(623b37219830d9f4aa7341ff29f472a8) Importer(815301076,1909f56bfc062723c751e8b465ee728b)  -> (artifact id: 'a46756c1c34f4f5d64d43bc579f0467e') in 0.045113 seconds
  Import took 0.055427 seconds .

========================================================================
Received Import Request.
  Time since last request: 0.009057 seconds.
  path: Assets/dsadasd.asset
  artifactKey: Guid(623b37219830d9f4aa7341ff29f472a8) Importer(815301076,1909f56bfc062723c751e8b465ee728b)
Start importing Assets/dsadasd.asset using Guid(623b37219830d9f4aa7341ff29f472a8) Importer(815301076,1909f56bfc062723c751e8b465ee728b)  -> (artifact id: 'a46756c1c34f4f5d64d43bc579f0467e') in 0.017756 seconds
  Import took 0.039071 seconds .

========================================================================
Received Import Request.
  Time since last request: 2.602757 seconds.
  path: Assets/EnemyMoving.cs
  artifactKey: Guid(5cbd1dd4eeee1304f96a837987309525) Importer(815301076,1909f56bfc062723c751e8b465ee728b)
Start importing Assets/EnemyMoving.cs using Guid(5cbd1dd4eeee1304f96a837987309525) Importer(815301076,1909f56bfc062723c751e8b465ee728b)  -> (artifact id: '15aa00df7eb43eac8e100df66bf1d375') in 0.015169 seconds
  Import took 0.050775 seconds .

========================================================================
Received Import Request.
  Time since last request: 0.612938 seconds.
  path: Assets/Idle (32x32)_0.controller
  artifactKey: Guid(9fbc7eedd54f5df4baf4b8adc2079c6b) Importer(815301076,1909f56bfc062723c751e8b465ee728b)
Start importing Assets/Idle (32x32)_0.controller using Guid(9fbc7eedd54f5df4baf4b8adc2079c6b) Importer(815301076,1909f56bfc062723c751e8b465ee728b)  -> (artifact id: 'd819e5970bb45a2018fa398218b887ef') in 0.063129 seconds
  Import took 0.082384 seconds .

========================================================================
Received Import Request.
  Time since last request: 0.399730 seconds.
  path: Assets/IDLE.anim
  artifactKey: Guid(6184dd5cb43071c46adf9d8933ec8602) Importer(815301076,1909f56bfc062723c751e8b465ee728b)
Start importing Assets/IDLE.anim using Guid(6184dd5cb43071c46adf9d8933ec8602) Importer(815301076,1909f56bfc062723c751e8b465ee728b)  -> (artifact id: '78cfab317c624acf7b29f092908e9212') in 0.020183 seconds
  Import took 0.038485 seconds .

========================================================================
Received Prepare
Registering precompiled user dll's ...
Registered in 0.001930 seconds.
Begin MonoManager ReloadAssembly
Native extension for WindowsStandalone target not found
Refreshing native plugins compatible for Editor in 0.77 ms, found 1 plugins.
Preloading 0 native plugins for Editor in 0.00 ms.
Invoked RoslynAnalysisRunner static constructor.
RoslynAnalysisRunner will not be running.
RoslynAnalysisRunner has terminated.
Mono: successfully reloaded assembly
- Completed reload, in  2.524 seconds
Platform modules already initialized, skipping
Refreshing native plugins compatible for Editor in 0.82 ms, found 1 plugins.
Preloading 0 native plugins for Editor in 0.00 ms.
Unloading 1806 Unused Serialized files (Serialized files now loaded: 0)
System memory in use before: 88.0 MB.
System memory in use after: 88.0 MB.

Unloading 12 unused Assets to reduce memory usage. Loaded Objects now: 2304.
Total: 8.920600 ms (FindLiveObjects: 0.635300 ms CreateObjectMapping: 0.553900 ms MarkObjects: 7.418200 ms  DeleteObjects: 0.310500 ms)

========================================================================
Received Prepare
Registering precompiled user dll's ...
Registered in 0.002079 seconds.
Begin MonoManager ReloadAssembly
Native extension for WindowsStandalone target not found
Refreshing native plugins compatible for Editor in 0.95 ms, found 1 plugins.
Preloading 0 native plugins for Editor in 0.00 ms.
Invoked RoslynAnalysisRunner static constructor.
RoslynAnalysisRunner will not be running.
RoslynAnalysisRunner has terminated.
Mono: successfully reloaded assembly
- Completed reload, in  3.960 seconds
Platform modules already initialized, skipping
Refreshing native plugins compatible for Editor in 1.38 ms, found 1 plugins.
Preloading 0 native plugins for Editor in 0.00 ms.
Unloading 1806 Unused Serialized files (Serialized files now loaded: 0)
System memory in use before: 88.0 MB.
System memory in use after: 88.0 MB.

Unloading 12 unused Assets to reduce memory usage. Loaded Objects now: 2308.
Total: 10.537000 ms (FindLiveObjects: 2.859200 ms CreateObjectMapping: 0.604800 ms MarkObjects: 6.750100 ms  DeleteObjects: 0.313600 ms)

========================================================================
Received Import Request.
  Time since last request: 1610.214620 seconds.
  path: Assets/Tower.cs
  artifactKey: Guid(305cd4899eaf81940ae5113b1226ae6a) Importer(815301076,1909f56bfc062723c751e8b465ee728b)
Start importing Assets/Tower.cs using Guid(305cd4899eaf81940ae5113b1226ae6a) Importer(815301076,1909f56bfc062723c751e8b465ee728b)  -> (artifact id: 'c426984a66ee68e70a5457f1b5f926eb') in 0.020281 seconds
  Import took 0.309221 seconds .

========================================================================
Received Prepare
Registering precompiled user dll's ...
Registered in 0.002343 seconds.
Begin MonoManager ReloadAssembly
Native extension for WindowsStandalone target not found
Refreshing native plugins compatible for Editor in 1.00 ms, found 1 plugins.
Preloading 0 native plugins for Editor in 0.00 ms.
Invoked RoslynAnalysisRunner static constructor.
RoslynAnalysisRunner will not be running.
RoslynAnalysisRunner has terminated.
Mono: successfully reloaded assembly
- Completed reload, in  2.381 seconds
Platform modules already initialized, skipping
Refreshing native plugins compatible for Editor in 0.75 ms, found 1 plugins.
Preloading 0 native plugins for Editor in 0.00 ms.
Unloading 1806 Unused Serialized files (Serialized files now loaded: 0)
System memory in use before: 88.0 MB.
System memory in use after: 88.0 MB.

Unloading 12 unused Assets to reduce memory usage. Loaded Objects now: 2312.
Total: 7.055000 ms (FindLiveObjects: 1.167200 ms CreateObjectMapping: 0.550400 ms MarkObjects: 4.862400 ms  DeleteObjects: 0.470700 ms)

========================================================================
Received Prepare
Registering precompiled user dll's ...
Registered in 0.002060 seconds.
Begin MonoManager ReloadAssembly
Native extension for WindowsStandalone target not found
Refreshing native plugins compatible for Editor in 0.74 ms, found 1 plugins.
Preloading 0 native plugins for Editor in 0.00 ms.
Invoked RoslynAnalysisRunner static constructor.
RoslynAnalysisRunner will not be running.
RoslynAnalysisRunner has terminated.
Mono: successfully reloaded assembly
- Completed reload, in  2.423 seconds
Platform modules already initialized, skipping
Refreshing native plugins compatible for Editor in 1.09 ms, found 1 plugins.
Preloading 0 native plugins for Editor in 0.00 ms.
Unloading 1806 Unused Serialized files (Serialized files now loaded: 0)
System memory in use before: 88.0 MB.
System memory in use after: 88.0 MB.

Unloading 12 unused Assets to reduce memory usage. Loaded Objects now: 2316.
Total: 5.882600 ms (FindLiveObjects: 0.766900 ms CreateObjectMapping: 0.663900 ms MarkObjects: 4.209200 ms  DeleteObjects: 0.239200 ms)

========================================================================
Received Import Request.
  Time since last request: 2334.999266 seconds.
  path: Assets/KakaoTalk_20210423_101739272.png
  artifactKey: Guid(3e8758035ae9bbe4496d3822215aa3d5) Importer(815301076,1909f56bfc062723c751e8b465ee728b)
Start importing Assets/KakaoTalk_20210423_101739272.png using Guid(3e8758035ae9bbe4496d3822215aa3d5) Importer(815301076,1909f56bfc062723c751e8b465ee728b)  -> (artifact id: '556ce821daeb2918b61cdda0d605a50c') in 0.183518 seconds
  Import took 0.276328 seconds .

========================================================================
Received Prepare
Registering precompiled user dll's ...
Registered in 0.001926 seconds.
Begin MonoManager ReloadAssembly
Native extension for WindowsStandalone target not found
Refreshing native plugins compatible for Editor in 1.20 ms, found 1 plugins.
Preloading 0 native plugins for Editor in 0.00 ms.
Invoked RoslynAnalysisRunner static constructor.
RoslynAnalysisRunner will not be running.
RoslynAnalysisRunner has terminated.
Mono: successfully reloaded assembly
- Completed reload, in  2.414 seconds
Platform modules already initialized, skipping
Refreshing native plugins compatible for Editor in 0.77 ms, found 1 plugins.
Preloading 0 native plugins for Editor in 0.00 ms.
Unloading 1806 Unused Serialized files (Serialized files now loaded: 0)
System memory in use before: 88.0 MB.
System memory in use after: 88.0 MB.

Unloading 12 unused Assets to reduce memory usage. Loaded Objects now: 2322.
Total: 4.492600 ms (FindLiveObjects: 0.469500 ms CreateObjectMapping: 0.222200 ms MarkObjects: 3.575600 ms  DeleteObjects: 0.222400 ms)

========================================================================
Received Prepare
Registering precompiled user dll's ...
Registered in 0.001822 seconds.
Begin MonoManager ReloadAssembly
Native extension for WindowsStandalone target not found
Refreshing native plugins compatible for Editor in 0.69 ms, found 1 plugins.
Preloading 0 native plugins for Editor in 0.00 ms.
Invoked RoslynAnalysisRunner static constructor.
RoslynAnalysisRunner will not be running.
RoslynAnalysisRunner has terminated.
Mono: successfully reloaded assembly
- Completed reload, in  2.245 seconds
Platform modules already initialized, skipping
Refreshing native plugins compatible for Editor in 1.00 ms, found 1 plugins.
Preloading 0 native plugins for Editor in 0.00 ms.
Unloading 1806 Unused Serialized files (Serialized files now loaded: 0)
System memory in use before: 88.0 MB.
System memory in use after: 88.0 MB.

Unloading 12 unused Assets to reduce memory usage. Loaded Objects now: 2326.
Total: 4.701200 ms (FindLiveObjects: 0.327100 ms CreateObjectMapping: 0.143600 ms MarkObjects: 4.006600 ms  DeleteObjects: 0.221700 ms)

AssetImportWorkerClient::OnTransportError - code=2 error=End of file
